<?xml version="1.0" encoding="UTF-8"?>
<!-- Generated by org.testng.reporters.JUnitReportReporter -->
<testsuite skipped="0" hostname="KITC20014_L" name="com.tdecu.testcases.LoginTestTDECU" tests="1" failures="0" timestamp="05 Feb 2019 16:19:13 GMT" time="7.457" errors="0">
  <testcase name="login" time="7.457" classname="com.tdecu.testcases.LoginTestTDECU"/>
</testsuite> <!-- com.tdecu.testcases.LoginTestTDECU -->
